<?xml version="1.0" encoding="UTF-8"?>
<!-- Generated by org.testng.reporters.JUnitXMLReporter -->
<testsuite hostname="LAPTOP-MC7Q49HB" failures="0" tests="4" name="chrome" time="330.346" errors="0" timestamp="20 May 2022 10:06:03 GMT">
  <testcase classname="com.vtiger.createProduct.CreateProductTest" name="createProductPropTest" time="40.69"/>
  <testcase classname="com.vtiger.documents.CreateDocumentsTest" name="documentsTest" time="21.79"/>
  <testcase classname="com.vtiger.Organization.CreateOrgWithTest" name="createOrgWithDdTest" time="18.228"/>
  <testcase classname="com.vtiger.createCampaigns.CreateContactTest" name="createContactPomTest" time="22.526"/>
</testsuite> <!-- chrome -->
