<?xml version="1.0" encoding="UTF-8"?>
<!-- Generated by org.testng.reporters.JUnitXMLReporter -->
<testsuite hostname="LAPTOP-MC7Q49HB" failures="3" tests="3" name="Test(failed)" time="0.05" errors="0" timestamp="19 May 2022 09:42:30 GMT">
  <testcase classname="com.vtiger.contact.CreateContacttTest" name="createContacttTest" time="0.018">
    <failure type="java.lang.NullPointerException" message="Cannot invoke &amp;quot;org.apache.poi.ss.usermodel.Workbook.getSheet(String)&amp;quot; because &amp;quot;com.sdetl1.generic.ExcelData.wb&amp;quot; is null">
      <![CDATA[java.lang.NullPointerException: Cannot invoke "org.apache.poi.ss.usermodel.Workbook.getSheet(String)" because "com.sdetl1.generic.ExcelData.wb" is null
	at com.sdetl1.generic.ExcelData.getDataFromExcel(ExcelData.java:42)
	at com.vtiger.contact.CreateContacttTest.createContacttTest(CreateContacttTest.java:15)
... Removed 25 stack frames]]>
    </failure>
  </testcase> <!-- createContacttTest -->
  <testcase classname="com.vtiger.createProduct.CreateProductTest" name="createProductPropTest" time="0.001">
    <failure type="java.lang.NullPointerException" message="Cannot invoke &amp;quot;org.apache.poi.ss.usermodel.Workbook.getSheet(String)&amp;quot; because &amp;quot;com.sdetl1.generic.ExcelData.wb&amp;quot; is null">
      <![CDATA[java.lang.NullPointerException: Cannot invoke "org.apache.poi.ss.usermodel.Workbook.getSheet(String)" because "com.sdetl1.generic.ExcelData.wb" is null
	at com.sdetl1.generic.ExcelData.getDataFromExcel(ExcelData.java:42)
	at com.vtiger.createProduct.CreateProductTest.createProductPropTest(CreateProductTest.java:16)
... Removed 25 stack frames]]>
    </failure>
  </testcase> <!-- createProductPropTest -->
  <testcase classname="com.vtiger.createCampaigns.CreateContactTest" name="createContactPomTest" time="0.003">
    <failure type="java.lang.NullPointerException" message="Cannot invoke &amp;quot;org.apache.poi.ss.usermodel.Workbook.getSheet(String)&amp;quot; because &amp;quot;com.sdetl1.generic.ExcelData.wb&amp;quot; is null">
      <![CDATA[java.lang.NullPointerException: Cannot invoke "org.apache.poi.ss.usermodel.Workbook.getSheet(String)" because "com.sdetl1.generic.ExcelData.wb" is null
	at com.sdetl1.generic.ExcelData.getDataFromExcel(ExcelData.java:42)
	at com.vtiger.createCampaigns.CreateContactTest.createContactPomTest(CreateContactTest.java:16)
... Removed 25 stack frames]]>
    </failure>
  </testcase> <!-- createContactPomTest -->
</testsuite> <!-- Test(failed) -->
