<?xml version="1.0" encoding="UTF-8"?>
<testng-results total="1" passed="1" failed="0" skipped="0">
  <reporter-output>
  </reporter-output>
  <suite started-at="2022-06-07T10:44:01Z" name="Default suite" finished-at="2022-06-07T10:44:48Z" duration-ms="47382">
    <groups>
    </groups>
    <test started-at="2022-06-07T10:44:01Z" name="Default test" finished-at="2022-06-07T10:44:48Z" duration-ms="47382">
      <class name="com.practiceTest.GridPractice">
        <test-method signature="GridPractice()[pri:0, instance:com.practiceTest.GridPractice@15a04efb]" started-at="2022-06-07T16:14:01Z" name="GridPractice" finished-at="2022-06-07T16:14:48Z" duration-ms="47063" status="PASS">
          <reporter-output>
          </reporter-output>
        </test-method> <!-- GridPractice -->
      </class> <!-- com.practiceTest.GridPractice -->
    </test> <!-- Default test -->
  </suite> <!-- Default suite -->
</testng-results>
